ERROR   2020-02-06 20:02:13,786 [main] com.reconcile.TaqseetReconcileUtillity  - Invalid Or No paramters passed. Valid parameters are: ByTrans, ByDate, MissingTrans
ERROR   2020-02-06 20:04:05,006 [main] com.reconcile.TaqseetReconcileUtillity  - Invalid Or No paramters passed. Valid parameters are: ByTrans, ByDate, MissingTrans
ERROR   2020-02-06 20:04:29,003 [main] com.reconcile.TaqseetReconcileUtillity  - Invalid Or No paramters passed. Valid parameters are: ByTrans, ByDate, MissingTrans
INFO    2020-02-06 20:04:44,402 [main] com.reconcile.TaqseetReconcileUtillity  - Call the missing transaction Query  MissingTrans
INFO    2020-02-06 20:04:44,456 [main] com.reconcile.TaqseetReconcileUtillity  - ----------------Start---------------------
DEBUG   2020-02-06 20:04:49,963 [main] com.reconcile.DBManager  - Connected to DB successfully.
DEBUG   2020-02-06 20:04:50,388 [main] com.reconcile.DBManager  - {"StatusCode":200,"Status":"OK","Data":[{"AMOUNT":2.25,"REF_NUM":"2791174062","STORE_REF_NUM":"REF_EXT_0461139","AMND_DATE":"2020-02-02T18:21:13"}]}
DEBUG   2020-02-06 20:04:50,389 [main] com.reconcile.DBManager  - REQUEST method=[POST] path=[/PosServiceHandller//v1/postTransaction] headers=[{cache-control=no-cache, content-type=application/json, connection=keep-alive, host=localhost:8085, content-length=343, accept=*/*, postman-token=62f96645-1d3e-4f4f-bbfc-a417d57da979, user-agent=PostmanRuntime/7.22.0, accept-encoding=gzip, deflate, br}] body=[{ Transaction: [{mobileNumber=1033660802, amount=2.25, otp=132645, retailerRefNo=REF_EXT_0461139, requestData={ Request: [{sequenceId=1, storeId=1001, registerId=1, transactionId=222, businesDate=2019-04-28T14:45:15, apiKey=d4E9YfNq5CGJNbxXeYNhgpIvVuSiQrh0MJSiSIXz7wwO2djLs83MMXP5tf8d7OrTj47ZLJh5iBm1u5ofvhB4AO3o7jC4Ysi4M9BM}] }}] }]
DEBUG   2020-02-06 20:04:50,393 [main] com.reconcile.DBManager  - Civil ID: 1033660802
DEBUG   2020-02-06 20:04:50,394 [main] com.reconcile.DBManager  - OTP: 132645
DEBUG   2020-02-06 20:04:50,456 [main] com.reconcile.DBManager  - {"StatusCode":200,"Status":"OK","Data":[{"AMOUNT":2.0,"REF_NUM":"2831174062","STORE_REF_NUM":"REF_EXT_046113","AMND_DATE":"2020-02-03T10:04:53"}]}
DEBUG   2020-02-06 20:04:50,457 [main] com.reconcile.DBManager  - REQUEST method=[POST] path=[/PosServiceHandller/v1/postTransaction] headers=[{cache-control=no-cache, content-type=application/json, connection=keep-alive, host=localhost:8085, content-length=339, accept=*/*, postman-token=123f3b8c-5c34-42e5-b5db-1009c9df355a, user-agent=PostmanRuntime/7.22.0, accept-encoding=gzip, deflate, br}] body=[{ Transaction: [{mobileNumber=1033660802, amount=2, otp=132645, retailerRefNo=REF_EXT_046113, requestData={ Request: [{sequenceId=6, storeId=1001, registerId=1, transactionId=222, businesDate=2019-04-28T14:45:15, apiKey=d4E9YfNq5CGJNbxXeYNhgpIvVuSiQrh0MJSiSIXz7wwO2djLs83MMXP5tf8d7OrTj47ZLJh5iBm1u5ofvhB4AO3o7jC4Ysi4M9BM}] }}] }]
DEBUG   2020-02-06 20:04:50,463 [main] com.reconcile.DBManager  - Civil ID: 1033660802
DEBUG   2020-02-06 20:04:50,465 [main] com.reconcile.DBManager  - OTP: 132645
DEBUG   2020-02-06 20:04:50,472 [main] com.reconcile.DBManager  - {"StatusCode":200,"Status":"OK","Data":[{"AMOUNT":2.0,"REF_NUM":"2841174062","STORE_REF_NUM":"REF_EXT_0461132","AMND_DATE":"2020-02-03T10:13:02"}]}
DEBUG   2020-02-06 20:04:50,474 [main] com.reconcile.DBManager  - REQUEST method=[POST] path=[/PosServiceHandller/v1/postTransaction] headers=[{cookie=JSESSIONID=58A8EF020CF7FD580AEF1A57844F96D1, cache-control=no-cache, content-type=application/json, connection=keep-alive, host=localhost:8085, content-length=340, accept=*/*, postman-token=3a05c0ca-e61f-48c9-a583-ef25833c00d2, user-agent=PostmanRuntime/7.22.0, accept-encoding=gzip, deflate, br}] body=[{ Transaction: [{mobileNumber=1033660802, amount=2, otp=132645, retailerRefNo=REF_EXT_0461132, requestData={ Request: [{sequenceId=7, storeId=1001, registerId=1, transactionId=222, businesDate=2019-04-28T14:45:15, apiKey=d4E9YfNq5CGJNbxXeYNhgpIvVuSiQrh0MJSiSIXz7wwO2djLs83MMXP5tf8d7OrTj47ZLJh5iBm1u5ofvhB4AO3o7jC4Ysi4M9BM}] }}] }]
DEBUG   2020-02-06 20:04:50,477 [main] com.reconcile.DBManager  - Civil ID: 1033660802
DEBUG   2020-02-06 20:04:50,479 [main] com.reconcile.DBManager  - OTP: 132645
DEBUG   2020-02-06 20:04:50,484 [main] com.reconcile.DBManager  - {"StatusCode":400,"Status":"BadRequest","Validation":{"Code":["ERR_RETAILER_REF"],"Message":["Retailer Reference number already exist"],"ReturnObject":["{\"RefNumber\":\"null\",\"Status\":\"8\"}"]}}
DEBUG   2020-02-06 20:04:50,490 [main] com.reconcile.DBManager  - REQUEST method=[POST] path=[/PosServiceHandller/v1/postTransaction] headers=[{cookie=JSESSIONID=4E89F07F07B563EDCB897A436F355083, cache-control=no-cache, content-type=application/json, connection=keep-alive, host=localhost:8085, content-length=340, accept=*/*, postman-token=0f00aaea-9c38-4d1a-85f6-240c9c7f845f, user-agent=PostmanRuntime/7.22.0, accept-encoding=gzip, deflate, br}] body=[{ Transaction: [{mobileNumber=1033660802, amount=2, otp=132645, retailerRefNo=REF_EXT_0461134, requestData={ Request: [{sequenceId=8, storeId=1001, registerId=1, transactionId=222, businesDate=2019-04-28T14:45:15, apiKey=d4E9YfNq5CGJNbxXeYNhgpIvVuSiQrh0MJSiSIXz7wwO2djLs83MMXP5tf8d7OrTj47ZLJh5iBm1u5ofvhB4AO3o7jC4Ysi4M9BM}] }}] }]
DEBUG   2020-02-06 20:04:50,495 [main] com.reconcile.DBManager  - Civil ID: 1033660802
DEBUG   2020-02-06 20:04:50,496 [main] com.reconcile.DBManager  - OTP: 132645
DEBUG   2020-02-06 20:04:50,507 [main] com.reconcile.DBManager  - {"StatusCode":200,"Status":"OK","Data":[{"RefNumber":"2861174062","Status":"0"}]}
DEBUG   2020-02-06 20:04:50,508 [main] com.reconcile.DBManager  - REQUEST method=[POST] path=[/PosServiceHandller/v1/postTransaction] headers=[{cookie=JSESSIONID=908793913C484B42F5FEBF08FF6CDB88, cache-control=no-cache, content-type=application/json, connection=keep-alive, host=localhost:8085, content-length=334, accept=*/*, postman-token=23b31866-c431-4a64-8f34-b9b0601d0a24, user-agent=PostmanRuntime/7.22.0, accept-encoding=gzip, deflate, br}] body=[{ Transaction: [{mobileNumber=1033660802, amount=2, otp=132645, retailerRefNo=REF_EXT_1, requestData={ Request: [{sequenceId=9, storeId=1001, registerId=1, transactionId=222, businesDate=2019-04-28T14:45:15, apiKey=d4E9YfNq5CGJNbxXeYNhgpIvVuSiQrh0MJSiSIXz7wwO2djLs83MMXP5tf8d7OrTj47ZLJh5iBm1u5ofvhB4AO3o7jC4Ysi4M9BM}] }}] }]
DEBUG   2020-02-06 20:04:50,512 [main] com.reconcile.DBManager  - Civil ID: 1033660802
DEBUG   2020-02-06 20:04:50,521 [main] com.reconcile.DBManager  - OTP: 132645
DEBUG   2020-02-06 20:04:50,527 [main] com.reconcile.DBManager  - {"StatusCode":200,"Status":"OK","Data":[{"RefNumber":"0","Status":"166"}]}
DEBUG   2020-02-06 20:04:50,530 [main] com.reconcile.DBManager  - REQUEST method=[POST] path=[/PosServiceHandller/v1/postTransaction] headers=[{cookie=JSESSIONID=09A1B317BC331938B14B307BBA524581, cache-control=no-cache, content-type=application/json, connection=keep-alive, host=localhost:8085, content-length=336, accept=*/*, postman-token=e165af97-4d55-42b3-915f-8a47a26557b6, user-agent=PostmanRuntime/7.22.0, accept-encoding=gzip, deflate, br}] body=[{ Transaction: [{mobileNumber=1033660802, amount=2, otp=132645, retailerRefNo=REF_EXT_111, requestData={ Request: [{sequenceId=36, storeId=1001, registerId=1, transactionId=222, businesDate=2019-04-28T14:45:15, apiKey=d4E9YfNq5CGJNbxXeYNhgpIvVuSiQrh0MJSiSIXz7wwO2djLs83MMXP5tf8d7OrTj47ZLJh5iBm1u5ofvhB4AO3o7jC4Ysi4M9BM}] }}] }]
DEBUG   2020-02-06 20:04:50,537 [main] com.reconcile.DBManager  - Civil ID: 1033660802
DEBUG   2020-02-06 20:04:50,544 [main] com.reconcile.DBManager  - OTP: 132645
DEBUG   2020-02-06 20:04:50,579 [main] com.reconcile.DBManager  - {"StatusCode":200,"Status":"OK","Data":[{"RefNumber":"0","Status":"166"}]}
DEBUG   2020-02-06 20:04:50,590 [main] com.reconcile.DBManager  - REQUEST method=[POST] path=[/PosServiceHandller/v1/postTransaction] headers=[{cookie=JSESSIONID=C3212DB5A48BDFCD1CFE813A83E03FC5, cache-control=no-cache, content-type=application/json, connection=keep-alive, host=localhost:8085, content-length=336, accept=*/*, postman-token=ca434f00-76d0-4af8-8b59-218446f55b46, user-agent=PostmanRuntime/7.22.0, accept-encoding=gzip, deflate, br}] body=[{ Transaction: [{mobileNumber=1033660802, amount=2, otp=132645, retailerRefNo=REF_EXT_111, requestData={ Request: [{sequenceId=79, storeId=1001, registerId=1, transactionId=222, businesDate=2020-04-28T14:45:15, apiKey=d4E9YfNq5CGJNbxXeYNhgpIvVuSiQrh0MJSiSIXz7wwO2djLs83MMXP5tf8d7OrTj47ZLJh5iBm1u5ofvhB4AO3o7jC4Ysi4M9BM}] }}] }]
DEBUG   2020-02-06 20:04:50,594 [main] com.reconcile.DBManager  - Civil ID: 1033660802
DEBUG   2020-02-06 20:04:50,610 [main] com.reconcile.DBManager  - OTP: 132645
DEBUG   2020-02-06 20:04:50,618 [main] com.reconcile.DBManager  - {"StatusCode":200,"Status":"OK","Data":[{"RefNumber":"0","Status":"166"}]}
DEBUG   2020-02-06 20:04:50,622 [main] com.reconcile.DBManager  - REQUEST method=[POST] path=[/PosServiceHandller/v1/postTransaction] headers=[{cookie=JSESSIONID=18CDBF7E3E06E35F97A4234C515E82CD, cache-control=no-cache, content-type=application/json, connection=keep-alive, host=localhost:8085, content-length=338, accept=*/*, postman-token=eef3a0e8-c03d-4e6f-836b-4d5d40c62018, user-agent=PostmanRuntime/7.22.0, accept-encoding=gzip, deflate, br}] body=[{ Transaction: [{mobileNumber=1033660802, amount=2, otp=132645, retailerRefNo=REF_EXT_22111, requestData={ Request: [{sequenceId=80, storeId=1001, registerId=1, transactionId=222, businesDate=2020-04-28T14:45:15, apiKey=d4E9YfNq5CGJNbxXeYNhgpIvVuSiQrh0MJSiSIXz7wwO2djLs83MMXP5tf8d7OrTj47ZLJh5iBm1u5ofvhB4AO3o7jC4Ysi4M9BM}] }}] }]
DEBUG   2020-02-06 20:04:50,627 [main] com.reconcile.DBManager  - Civil ID: 1033660802
DEBUG   2020-02-06 20:04:50,637 [main] com.reconcile.DBManager  - OTP: 132645
INFO    2020-02-06 20:04:50,648 [main] com.reconcile.PosServiceUtil  - Calling getTransactionStatus service : REF_EXT_0461139
INFO    2020-02-06 20:04:55,720 [main] com.reconcile.PosServiceUtil  - {"StatusCode":200,"Data":[{"AMND_DATE":"2020-02-02T18:21:13","REF_NUM":"2791174062","AMOUNT":2.25,"STORE_REF_NUM":"REF_EXT_0461139"}],"Status":"OK"}
INFO    2020-02-06 20:04:55,721 [main] com.reconcile.PosServiceUtil  - Calling PostTransactionReversal service...............
INFO    2020-02-06 20:05:01,441 [main] com.reconcile.PosServiceUtil  - {"StatusCode":400,"Status":"BadRequest","Validation":{"Message":["RefNumber is not correct"],"ReturnObject":["{\"RefNumber\":\"null\",\"Status\":\"1\"}"],"Code":["ERR_REF"]}}
INFO    2020-02-06 20:05:01,466 [main] com.reconcile.PosServiceUtil  - Calling getTransactionStatus service : REF_EXT_046113
INFO    2020-02-06 20:05:02,161 [main] com.reconcile.PosServiceUtil  - {"StatusCode":200,"Data":[{"AMND_DATE":"2020-02-03T10:04:53","REF_NUM":"2831174062","AMOUNT":2.0,"STORE_REF_NUM":"REF_EXT_046113"}],"Status":"OK"}
INFO    2020-02-06 20:05:02,162 [main] com.reconcile.PosServiceUtil  - Calling PostTransactionReversal service...............
INFO    2020-02-06 20:05:04,864 [main] com.reconcile.PosServiceUtil  - {"StatusCode":400,"Status":"BadRequest","Validation":{"Message":["RefNumber is not correct"],"ReturnObject":["{\"RefNumber\":\"null\",\"Status\":\"1\"}"],"Code":["ERR_REF"]}}
INFO    2020-02-06 20:05:04,865 [main] com.reconcile.PosServiceUtil  - Calling getTransactionStatus service : REF_EXT_0461132
INFO    2020-02-06 20:05:05,540 [main] com.reconcile.PosServiceUtil  - {"StatusCode":200,"Data":[{"AMND_DATE":"2020-02-03T10:13:02","REF_NUM":"2841174062","AMOUNT":2.0,"STORE_REF_NUM":"REF_EXT_0461132"}],"Status":"OK"}
INFO    2020-02-06 20:05:05,541 [main] com.reconcile.PosServiceUtil  - Calling PostTransactionReversal service...............
INFO    2020-02-06 20:05:07,522 [main] com.reconcile.PosServiceUtil  - {"StatusCode":400,"Status":"BadRequest","Validation":{"Message":["RefNumber is not correct"],"ReturnObject":["{\"RefNumber\":\"null\",\"Status\":\"1\"}"],"Code":["ERR_REF"]}}
INFO    2020-02-06 20:05:07,523 [main] com.reconcile.TaqseetReconcileUtillity  - ----------------End---------------------
INFO    2020-02-07 11:45:39,601 [main] com.reconcile.TaqseetReconcileUtillity  - Call the missing transaction Query  MissingTrans
INFO    2020-02-07 11:45:39,717 [main] com.reconcile.TaqseetReconcileUtillity  - ----------------Start---------------------
DEBUG   2020-02-07 11:45:42,509 [main] com.reconcile.DBManager  - Connected to DB successfully.
DEBUG   2020-02-07 11:45:42,821 [main] com.reconcile.DBManager  - {"StatusCode":200,"Status":"OK","Data":[{"AMOUNT":2.25,"REF_NUM":"2791174062","STORE_REF_NUM":"REF_EXT_0461139","AMND_DATE":"2020-02-02T18:21:13"}]}
DEBUG   2020-02-07 11:45:42,821 [main] com.reconcile.DBManager  - REQUEST method=[POST] path=[/PosServiceHandller//v1/postTransaction] headers=[{cache-control=no-cache, content-type=application/json, connection=keep-alive, host=localhost:8085, content-length=343, accept=*/*, postman-token=62f96645-1d3e-4f4f-bbfc-a417d57da979, user-agent=PostmanRuntime/7.22.0, accept-encoding=gzip, deflate, br}] body=[{ Transaction: [{mobileNumber=1033660802, amount=2.25, otp=132645, retailerRefNo=REF_EXT_0461139, requestData={ Request: [{sequenceId=1, storeId=1001, registerId=1, transactionId=222, businesDate=2019-04-28T14:45:15, apiKey=d4E9YfNq5CGJNbxXeYNhgpIvVuSiQrh0MJSiSIXz7wwO2djLs83MMXP5tf8d7OrTj47ZLJh5iBm1u5ofvhB4AO3o7jC4Ysi4M9BM}] }}] }]
DEBUG   2020-02-07 11:45:42,822 [main] com.reconcile.DBManager  - Civil ID: 1033660802
DEBUG   2020-02-07 11:45:42,823 [main] com.reconcile.DBManager  - OTP: 132645
DEBUG   2020-02-07 11:45:42,844 [main] com.reconcile.DBManager  - {"StatusCode":200,"Status":"OK","Data":[{"AMOUNT":2.0,"REF_NUM":"2831174062","STORE_REF_NUM":"REF_EXT_046113","AMND_DATE":"2020-02-03T10:04:53"}]}
DEBUG   2020-02-07 11:45:42,845 [main] com.reconcile.DBManager  - REQUEST method=[POST] path=[/PosServiceHandller/v1/postTransaction] headers=[{cache-control=no-cache, content-type=application/json, connection=keep-alive, host=localhost:8085, content-length=339, accept=*/*, postman-token=123f3b8c-5c34-42e5-b5db-1009c9df355a, user-agent=PostmanRuntime/7.22.0, accept-encoding=gzip, deflate, br}] body=[{ Transaction: [{mobileNumber=1033660802, amount=2, otp=132645, retailerRefNo=REF_EXT_046113, requestData={ Request: [{sequenceId=6, storeId=1001, registerId=1, transactionId=222, businesDate=2019-04-28T14:45:15, apiKey=d4E9YfNq5CGJNbxXeYNhgpIvVuSiQrh0MJSiSIXz7wwO2djLs83MMXP5tf8d7OrTj47ZLJh5iBm1u5ofvhB4AO3o7jC4Ysi4M9BM}] }}] }]
DEBUG   2020-02-07 11:45:42,847 [main] com.reconcile.DBManager  - Civil ID: 1033660802
DEBUG   2020-02-07 11:45:42,854 [main] com.reconcile.DBManager  - OTP: 132645
DEBUG   2020-02-07 11:45:42,855 [main] com.reconcile.DBManager  - {"StatusCode":200,"Status":"OK","Data":[{"AMOUNT":2.0,"REF_NUM":"2841174062","STORE_REF_NUM":"REF_EXT_0461132","AMND_DATE":"2020-02-03T10:13:02"}]}
DEBUG   2020-02-07 11:45:42,863 [main] com.reconcile.DBManager  - REQUEST method=[POST] path=[/PosServiceHandller/v1/postTransaction] headers=[{cookie=JSESSIONID=58A8EF020CF7FD580AEF1A57844F96D1, cache-control=no-cache, content-type=application/json, connection=keep-alive, host=localhost:8085, content-length=340, accept=*/*, postman-token=3a05c0ca-e61f-48c9-a583-ef25833c00d2, user-agent=PostmanRuntime/7.22.0, accept-encoding=gzip, deflate, br}] body=[{ Transaction: [{mobileNumber=1033660802, amount=2, otp=132645, retailerRefNo=REF_EXT_0461132, requestData={ Request: [{sequenceId=7, storeId=1001, registerId=1, transactionId=222, businesDate=2019-04-28T14:45:15, apiKey=d4E9YfNq5CGJNbxXeYNhgpIvVuSiQrh0MJSiSIXz7wwO2djLs83MMXP5tf8d7OrTj47ZLJh5iBm1u5ofvhB4AO3o7jC4Ysi4M9BM}] }}] }]
DEBUG   2020-02-07 11:45:42,864 [main] com.reconcile.DBManager  - Civil ID: 1033660802
DEBUG   2020-02-07 11:45:42,866 [main] com.reconcile.DBManager  - OTP: 132645
DEBUG   2020-02-07 11:45:42,867 [main] com.reconcile.DBManager  - {"StatusCode":400,"Status":"BadRequest","Validation":{"Code":["ERR_RETAILER_REF"],"Message":["Retailer Reference number already exist"],"ReturnObject":["{\"RefNumber\":\"null\",\"Status\":\"8\"}"]}}
DEBUG   2020-02-07 11:45:42,868 [main] com.reconcile.DBManager  - REQUEST method=[POST] path=[/PosServiceHandller/v1/postTransaction] headers=[{cookie=JSESSIONID=4E89F07F07B563EDCB897A436F355083, cache-control=no-cache, content-type=application/json, connection=keep-alive, host=localhost:8085, content-length=340, accept=*/*, postman-token=0f00aaea-9c38-4d1a-85f6-240c9c7f845f, user-agent=PostmanRuntime/7.22.0, accept-encoding=gzip, deflate, br}] body=[{ Transaction: [{mobileNumber=1033660802, amount=2, otp=132645, retailerRefNo=REF_EXT_0461134, requestData={ Request: [{sequenceId=8, storeId=1001, registerId=1, transactionId=222, businesDate=2019-04-28T14:45:15, apiKey=d4E9YfNq5CGJNbxXeYNhgpIvVuSiQrh0MJSiSIXz7wwO2djLs83MMXP5tf8d7OrTj47ZLJh5iBm1u5ofvhB4AO3o7jC4Ysi4M9BM}] }}] }]
DEBUG   2020-02-07 11:45:42,869 [main] com.reconcile.DBManager  - Civil ID: 1033660802
DEBUG   2020-02-07 11:45:42,869 [main] com.reconcile.DBManager  - OTP: 132645
DEBUG   2020-02-07 11:45:42,871 [main] com.reconcile.DBManager  - {"StatusCode":200,"Status":"OK","Data":[{"RefNumber":"2861174062","Status":"0"}]}
DEBUG   2020-02-07 11:45:42,871 [main] com.reconcile.DBManager  - REQUEST method=[POST] path=[/PosServiceHandller/v1/postTransaction] headers=[{cookie=JSESSIONID=908793913C484B42F5FEBF08FF6CDB88, cache-control=no-cache, content-type=application/json, connection=keep-alive, host=localhost:8085, content-length=334, accept=*/*, postman-token=23b31866-c431-4a64-8f34-b9b0601d0a24, user-agent=PostmanRuntime/7.22.0, accept-encoding=gzip, deflate, br}] body=[{ Transaction: [{mobileNumber=1033660802, amount=2, otp=132645, retailerRefNo=REF_EXT_1, requestData={ Request: [{sequenceId=9, storeId=1001, registerId=1, transactionId=222, businesDate=2019-04-28T14:45:15, apiKey=d4E9YfNq5CGJNbxXeYNhgpIvVuSiQrh0MJSiSIXz7wwO2djLs83MMXP5tf8d7OrTj47ZLJh5iBm1u5ofvhB4AO3o7jC4Ysi4M9BM}] }}] }]
DEBUG   2020-02-07 11:45:42,872 [main] com.reconcile.DBManager  - Civil ID: 1033660802
DEBUG   2020-02-07 11:45:42,879 [main] com.reconcile.DBManager  - OTP: 132645
DEBUG   2020-02-07 11:45:42,883 [main] com.reconcile.DBManager  - {"StatusCode":200,"Status":"OK","Data":[{"RefNumber":"0","Status":"166"}]}
DEBUG   2020-02-07 11:45:42,883 [main] com.reconcile.DBManager  - REQUEST method=[POST] path=[/PosServiceHandller/v1/postTransaction] headers=[{cookie=JSESSIONID=09A1B317BC331938B14B307BBA524581, cache-control=no-cache, content-type=application/json, connection=keep-alive, host=localhost:8085, content-length=336, accept=*/*, postman-token=e165af97-4d55-42b3-915f-8a47a26557b6, user-agent=PostmanRuntime/7.22.0, accept-encoding=gzip, deflate, br}] body=[{ Transaction: [{mobileNumber=1033660802, amount=2, otp=132645, retailerRefNo=REF_EXT_111, requestData={ Request: [{sequenceId=36, storeId=1001, registerId=1, transactionId=222, businesDate=2019-04-28T14:45:15, apiKey=d4E9YfNq5CGJNbxXeYNhgpIvVuSiQrh0MJSiSIXz7wwO2djLs83MMXP5tf8d7OrTj47ZLJh5iBm1u5ofvhB4AO3o7jC4Ysi4M9BM}] }}] }]
DEBUG   2020-02-07 11:45:42,885 [main] com.reconcile.DBManager  - Civil ID: 1033660802
DEBUG   2020-02-07 11:45:42,885 [main] com.reconcile.DBManager  - OTP: 132645
DEBUG   2020-02-07 11:45:42,887 [main] com.reconcile.DBManager  - {"StatusCode":200,"Status":"OK","Data":[{"RefNumber":"0","Status":"166"}]}
DEBUG   2020-02-07 11:45:42,896 [main] com.reconcile.DBManager  - REQUEST method=[POST] path=[/PosServiceHandller/v1/postTransaction] headers=[{cookie=JSESSIONID=C3212DB5A48BDFCD1CFE813A83E03FC5, cache-control=no-cache, content-type=application/json, connection=keep-alive, host=localhost:8085, content-length=336, accept=*/*, postman-token=ca434f00-76d0-4af8-8b59-218446f55b46, user-agent=PostmanRuntime/7.22.0, accept-encoding=gzip, deflate, br}] body=[{ Transaction: [{mobileNumber=1033660802, amount=2, otp=132645, retailerRefNo=REF_EXT_111, requestData={ Request: [{sequenceId=79, storeId=1001, registerId=1, transactionId=222, businesDate=2020-04-28T14:45:15, apiKey=d4E9YfNq5CGJNbxXeYNhgpIvVuSiQrh0MJSiSIXz7wwO2djLs83MMXP5tf8d7OrTj47ZLJh5iBm1u5ofvhB4AO3o7jC4Ysi4M9BM}] }}] }]
DEBUG   2020-02-07 11:45:42,897 [main] com.reconcile.DBManager  - Civil ID: 1033660802
DEBUG   2020-02-07 11:45:42,899 [main] com.reconcile.DBManager  - OTP: 132645
DEBUG   2020-02-07 11:45:42,900 [main] com.reconcile.DBManager  - {"StatusCode":200,"Status":"OK","Data":[{"RefNumber":"0","Status":"166"}]}
DEBUG   2020-02-07 11:45:42,901 [main] com.reconcile.DBManager  - REQUEST method=[POST] path=[/PosServiceHandller/v1/postTransaction] headers=[{cookie=JSESSIONID=18CDBF7E3E06E35F97A4234C515E82CD, cache-control=no-cache, content-type=application/json, connection=keep-alive, host=localhost:8085, content-length=338, accept=*/*, postman-token=eef3a0e8-c03d-4e6f-836b-4d5d40c62018, user-agent=PostmanRuntime/7.22.0, accept-encoding=gzip, deflate, br}] body=[{ Transaction: [{mobileNumber=1033660802, amount=2, otp=132645, retailerRefNo=REF_EXT_22111, requestData={ Request: [{sequenceId=80, storeId=1001, registerId=1, transactionId=222, businesDate=2020-04-28T14:45:15, apiKey=d4E9YfNq5CGJNbxXeYNhgpIvVuSiQrh0MJSiSIXz7wwO2djLs83MMXP5tf8d7OrTj47ZLJh5iBm1u5ofvhB4AO3o7jC4Ysi4M9BM}] }}] }]
DEBUG   2020-02-07 11:45:42,902 [main] com.reconcile.DBManager  - Civil ID: 1033660802
DEBUG   2020-02-07 11:45:42,902 [main] com.reconcile.DBManager  - OTP: 132645
INFO    2020-02-07 11:45:42,905 [main] com.reconcile.PosServiceUtil  - Calling getTransactionStatus service : REF_EXT_0461139
INFO    2020-02-07 11:45:45,409 [main] com.reconcile.PosServiceUtil  - {"StatusCode":200,"Data":[{"AMND_DATE":"2020-02-02T18:21:13","REF_NUM":"2791174062","AMOUNT":2.25,"STORE_REF_NUM":"REF_EXT_0461139"}],"Status":"OK"}
INFO    2020-02-07 11:45:45,409 [main] com.reconcile.PosServiceUtil  - Calling PostTransactionReversal service...............
INFO    2020-02-07 11:45:48,769 [main] com.reconcile.PosServiceUtil  - {"StatusCode":400,"Status":"BadRequest","Validation":{"Message":["RefNumber is not correct"],"ReturnObject":["{\"RefNumber\":\"null\",\"Status\":\"1\"}"],"Code":["ERR_REF"]}}
INFO    2020-02-07 11:45:48,771 [main] com.reconcile.PosServiceUtil  - Calling getTransactionStatus service : REF_EXT_046113
INFO    2020-02-07 11:45:49,378 [main] com.reconcile.PosServiceUtil  - {"StatusCode":200,"Data":[{"AMND_DATE":"2020-02-03T10:04:53","REF_NUM":"2831174062","AMOUNT":2.0,"STORE_REF_NUM":"REF_EXT_046113"}],"Status":"OK"}
INFO    2020-02-07 11:45:49,379 [main] com.reconcile.PosServiceUtil  - Calling PostTransactionReversal service...............
INFO    2020-02-07 11:45:50,719 [main] com.reconcile.PosServiceUtil  - {"StatusCode":400,"Status":"BadRequest","Validation":{"Message":["RefNumber is not correct"],"ReturnObject":["{\"RefNumber\":\"null\",\"Status\":\"1\"}"],"Code":["ERR_REF"]}}
INFO    2020-02-07 11:45:50,720 [main] com.reconcile.PosServiceUtil  - Calling getTransactionStatus service : REF_EXT_0461132
INFO    2020-02-07 11:45:51,424 [main] com.reconcile.PosServiceUtil  - {"StatusCode":200,"Data":[{"AMND_DATE":"2020-02-03T10:13:02","REF_NUM":"2841174062","AMOUNT":2.0,"STORE_REF_NUM":"REF_EXT_0461132"}],"Status":"OK"}
INFO    2020-02-07 11:45:51,426 [main] com.reconcile.PosServiceUtil  - Calling PostTransactionReversal service...............
INFO    2020-02-07 11:45:52,957 [main] com.reconcile.PosServiceUtil  - {"StatusCode":400,"Status":"BadRequest","Validation":{"Message":["RefNumber is not correct"],"ReturnObject":["{\"RefNumber\":\"null\",\"Status\":\"1\"}"],"Code":["ERR_REF"]}}
INFO    2020-02-07 11:45:52,958 [main] com.reconcile.TaqseetReconcileUtillity  - ----------------End---------------------
INFO    2020-02-09 18:12:10,755 [main] com.reconcile.TaqseetReconcileUtillity  - Generate Cancel Transaction Report: Process Started....
DEBUG   2020-02-09 18:12:11,568 [main] com.reconcile.DBManager  - Connected to DB successfully.
DEBUG   2020-02-09 18:12:11,639 [main] com.reconcile.DBManager  - {"StatusCode":200,"Status":"OK","Data":[{"RefNumber":"2861174062","Status":"0"}]}
DEBUG   2020-02-09 18:12:11,639 [main] com.reconcile.DBManager  - REQUEST method=[POST] path=[/PosServiceHandller/v1/postTransaction] headers=[{cookie=JSESSIONID=908793913C484B42F5FEBF08FF6CDB88, cache-control=no-cache, content-type=application/json, connection=keep-alive, host=localhost:8085, content-length=334, accept=*/*, postman-token=23b31866-c431-4a64-8f34-b9b0601d0a24, user-agent=PostmanRuntime/7.22.0, accept-encoding=gzip, deflate, br}] body=[{ Transaction: [{mobileNumber=1033660802, amount=2, otp=132645, retailerRefNo=REF_EXT_1, requestData={ Request: [{sequenceId=9, storeId=1001, registerId=1, transactionId=222, businesDate=2019-04-28T14:45:15, apiKey=d4E9YfNq5CGJNbxXeYNhgpIvVuSiQrh0MJSiSIXz7wwO2djLs83MMXP5tf8d7OrTj47ZLJh5iBm1u5ofvhB4AO3o7jC4Ysi4M9BM}] }}] }]
DEBUG   2020-02-09 18:12:11,652 [main] com.reconcile.DBManager  - {"StatusCode":200,"Status":"OK","Data":[{"RefNumber":"3041174062","Status":"0"}]}
DEBUG   2020-02-09 18:12:11,652 [main] com.reconcile.DBManager  - REQUEST method=[POST] path=[/PosServiceHandller/v1/postTransaction] headers=[{cache-control=no-cache, content-type=application/json, connection=keep-alive, host=localhost:8085, content-length=341, accept=*/*, postman-token=44e049cb-3dbb-4a49-b17c-7c7e39abf706, user-agent=PostmanRuntime/7.22.0, accept-encoding=gzip, deflate, br}] body=[{ Transaction: [{mobileNumber=1033660802, amount=2, otp=132645, retailerRefNo=REF_EXT_33333333, requestData={ Request: [{sequenceId=119, storeId=1001, registerId=1, transactionId=222, businesDate=2020-04-28T14:45:15, apiKey=d4E9YfNq5CGJNbxXeYNhgpIvVuSiQrh0MJSiSIXz7wwO2djLs83MMXP5tf8d7OrTj47ZLJh5iBm1u5ofvhB4AO3o7jC4Ysi4M9BM}] }}] }]
INFO    2020-02-09 18:12:11,669 [main] com.reconcile.TaqseetReconcileUtillity  - Generate Cancel Transaction Report: Process Completed.
ERROR   2020-02-09 18:12:43,210 [main] com.reconcile.TaqseetReconcileUtillity  - Invalid Or No paramters passed. Valid parameters are: 1-Generate Cancel Transaction Report, 2-Transaction Reversal
INFO    2020-02-09 18:12:58,823 [main] com.reconcile.TaqseetReconcileUtillity  - Transaction Reversal: Process Started....
INFO    2020-02-09 18:12:58,838 [main] com.reconcile.PosServiceUtil  - Calling getTransactionStatus service : REF_EXT_1
INFO    2020-02-09 18:12:59,795 [main] com.reconcile.PosServiceUtil  - {"StatusCode":200,"Data":[{"AMND_DATE":"2020-02-03T10:25:20","REF_NUM":"2861174062","AMOUNT":2.0,"STORE_REF_NUM":"REF_EXT_1"}],"Status":"OK"}
INFO    2020-02-09 18:12:59,795 [main] com.reconcile.PosServiceUtil  - Calling PostTransactionReversal service...............
INFO    2020-02-09 18:13:01,148 [main] com.reconcile.PosServiceUtil  - {"StatusCode":400,"Status":"BadRequest","Validation":{"Message":["RefNumber is not correct"],"ReturnObject":["{\"RefNumber\":\"null\",\"Status\":\"1\"}"],"Code":["ERR_REF"]}}
INFO    2020-02-09 18:13:01,149 [main] com.reconcile.PosServiceUtil  - Calling getTransactionStatus service : REF_EXT_33333333
INFO    2020-02-09 18:13:02,454 [main] com.reconcile.PosServiceUtil  - {"StatusCode":200,"Data":[{"AMND_DATE":"2020-02-07T09:21:29","REF_NUM":"3041174062","AMOUNT":2.0,"STORE_REF_NUM":"REF_EXT_33333333"}],"Status":"OK"}
INFO    2020-02-09 18:13:02,455 [main] com.reconcile.PosServiceUtil  - Calling PostTransactionReversal service...............
INFO    2020-02-09 18:13:03,565 [main] com.reconcile.PosServiceUtil  - {"StatusCode":400,"Status":"BadRequest","Validation":{"Message":["RefNumber is not correct"],"ReturnObject":["{\"RefNumber\":\"null\",\"Status\":\"1\"}"],"Code":["ERR_REF"]}}
INFO    2020-02-09 18:13:03,566 [main] com.reconcile.TaqseetReconcileUtillity  - Transaction Reversal: Process Completed.
INFO    2020-02-09 18:15:14,191 [main] com.reconcile.TaqseetReconcileUtillity  - Generate Cancel Transaction Report: Process Started....
DEBUG   2020-02-09 18:15:15,089 [main] com.reconcile.DBManager  - Connected to DB successfully.
DEBUG   2020-02-09 18:15:15,159 [main] com.reconcile.DBManager  - {"StatusCode":200,"Status":"OK","Data":[{"RefNumber":"2861174062","Status":"0"}]}
DEBUG   2020-02-09 18:15:15,159 [main] com.reconcile.DBManager  - REQUEST method=[POST] path=[/PosServiceHandller/v1/postTransaction] headers=[{cookie=JSESSIONID=908793913C484B42F5FEBF08FF6CDB88, cache-control=no-cache, content-type=application/json, connection=keep-alive, host=localhost:8085, content-length=334, accept=*/*, postman-token=23b31866-c431-4a64-8f34-b9b0601d0a24, user-agent=PostmanRuntime/7.22.0, accept-encoding=gzip, deflate, br}] body=[{ Transaction: [{mobileNumber=1033660802, amount=2, otp=132645, retailerRefNo=REF_EXT_1, requestData={ Request: [{sequenceId=9, storeId=1001, registerId=1, transactionId=222, businesDate=2019-04-28T14:45:15, apiKey=d4E9YfNq5CGJNbxXeYNhgpIvVuSiQrh0MJSiSIXz7wwO2djLs83MMXP5tf8d7OrTj47ZLJh5iBm1u5ofvhB4AO3o7jC4Ysi4M9BM}] }}] }]
DEBUG   2020-02-09 18:15:15,172 [main] com.reconcile.DBManager  - {"StatusCode":200,"Status":"OK","Data":[{"RefNumber":"3041174062","Status":"0"}]}
DEBUG   2020-02-09 18:15:15,172 [main] com.reconcile.DBManager  - REQUEST method=[POST] path=[/PosServiceHandller/v1/postTransaction] headers=[{cache-control=no-cache, content-type=application/json, connection=keep-alive, host=localhost:8085, content-length=341, accept=*/*, postman-token=44e049cb-3dbb-4a49-b17c-7c7e39abf706, user-agent=PostmanRuntime/7.22.0, accept-encoding=gzip, deflate, br}] body=[{ Transaction: [{mobileNumber=1033660802, amount=2, otp=132645, retailerRefNo=REF_EXT_33333333, requestData={ Request: [{sequenceId=119, storeId=1001, registerId=1, transactionId=222, businesDate=2020-04-28T14:45:15, apiKey=d4E9YfNq5CGJNbxXeYNhgpIvVuSiQrh0MJSiSIXz7wwO2djLs83MMXP5tf8d7OrTj47ZLJh5iBm1u5ofvhB4AO3o7jC4Ysi4M9BM}] }}] }]
DEBUG   2020-02-09 18:15:15,174 [main] com.reconcile.DBManager  - {"StatusCode":200,"Status":"OK","Data":[{"RefNumber":"3071174062","Status":"0"}]}
DEBUG   2020-02-09 18:15:15,174 [main] com.reconcile.DBManager  - REQUEST method=[POST] path=[/PosServiceHandller/v1/postTransaction] headers=[{cache-control=no-cache, content-type=application/json, connection=keep-alive, host=localhost:8085, content-length=332, accept=*/*, postman-token=2382b0dc-f511-426a-9821-f88ec430c2e0, user-agent=PostmanRuntime/7.22.0, accept-encoding=gzip, deflate, br}] body=[{ Transaction: [{mobileNumber=1033660802, amount=2, otp=132645, retailerRefNo=REF_EXT_12341234, requestData={ Request: [{sequenceId=126, storeId=1001, registerId=1, transactionId=222, businesDate=2020-02-09, apiKey=d4E9YfNq5CGJNbxXeYNhgpIvVuSiQrh0MJSiSIXz7wwO2djLs83MMXP5tf8d7OrTj47ZLJh5iBm1u5ofvhB4AO3o7jC4Ysi4M9BM}] }}] }]
INFO    2020-02-09 18:15:15,192 [main] com.reconcile.TaqseetReconcileUtillity  - Generate Cancel Transaction Report: Process Completed.
INFO    2020-02-09 18:16:38,923 [main] com.reconcile.TaqseetReconcileUtillity  - Transaction Reversal: Process Started....
INFO    2020-02-09 18:16:39,053 [main] com.reconcile.PosServiceUtil  - Calling getTransactionStatus service : REF_EXT_1
INFO    2020-02-09 18:16:39,881 [main] com.reconcile.PosServiceUtil  - {"StatusCode":200,"Data":[{"AMND_DATE":"2020-02-03T10:25:20","REF_NUM":"2861174062","AMOUNT":2.0,"STORE_REF_NUM":"REF_EXT_1"}],"Status":"OK"}
INFO    2020-02-09 18:16:39,882 [main] com.reconcile.PosServiceUtil  - Calling PostTransactionReversal service...............
INFO    2020-02-09 18:16:40,981 [main] com.reconcile.PosServiceUtil  - {"StatusCode":400,"Status":"BadRequest","Validation":{"Message":["RefNumber is not correct"],"ReturnObject":["{\"RefNumber\":\"null\",\"Status\":\"1\"}"],"Code":["ERR_REF"]}}
INFO    2020-02-09 18:16:40,983 [main] com.reconcile.PosServiceUtil  - Calling getTransactionStatus service : REF_EXT_33333333
INFO    2020-02-09 18:16:41,528 [main] com.reconcile.PosServiceUtil  - {"StatusCode":200,"Data":[{"AMND_DATE":"2020-02-07T09:21:29","REF_NUM":"3041174062","AMOUNT":2.0,"STORE_REF_NUM":"REF_EXT_33333333"}],"Status":"OK"}
INFO    2020-02-09 18:16:41,529 [main] com.reconcile.PosServiceUtil  - Calling PostTransactionReversal service...............
INFO    2020-02-09 18:16:42,644 [main] com.reconcile.PosServiceUtil  - {"StatusCode":400,"Status":"BadRequest","Validation":{"Message":["RefNumber is not correct"],"ReturnObject":["{\"RefNumber\":\"null\",\"Status\":\"1\"}"],"Code":["ERR_REF"]}}
INFO    2020-02-09 18:16:42,645 [main] com.reconcile.PosServiceUtil  - Calling getTransactionStatus service : REF_EXT_12341234
INFO    2020-02-09 18:16:44,362 [main] com.reconcile.PosServiceUtil  - {"StatusCode":200,"Data":[{"AMND_DATE":"2020-02-09T15:44:58","REF_NUM":"3071174062","AMOUNT":2.0,"STORE_REF_NUM":"REF_EXT_12341234"}],"Status":"OK"}
INFO    2020-02-09 18:16:44,363 [main] com.reconcile.PosServiceUtil  - Calling PostTransactionReversal service...............
INFO    2020-02-09 18:16:45,934 [main] com.reconcile.PosServiceUtil  - {"StatusCode":200,"Data":[{"Status":"0","RefNumber":"3081174062"}],"Status":"OK"}
INFO    2020-02-09 18:16:45,936 [main] com.reconcile.TaqseetReconcileUtillity  - Transaction Reversal: Process Completed.
ERROR   2020-02-09 20:56:28,882 [main] com.reconcile.TaqseetReconcileUtillity  - Invalid Or No paramters passed. Valid parameters are: 1-Generate Cancel Transaction Report, 2-Transaction Reversal
INFO    2020-02-09 20:56:38,233 [main] com.reconcile.TaqseetReconcileUtillity  - Generate Cancel Transaction Report: Process Started....
DEBUG   2020-02-09 20:56:39,005 [main] com.reconcile.DBManager  - Connected to DB successfully.
DEBUG   2020-02-09 20:56:39,082 [main] com.reconcile.DBManager  - {"StatusCode":200,"Status":"OK","Data":[{"RefNumber":"3151174062","Status":"0"}]}
DEBUG   2020-02-09 20:56:39,083 [main] com.reconcile.DBManager  - REQUEST method=[POST] path=[/PosServiceHandller/v1/postTransaction] headers=[{cookie=JSESSIONID=34A1F8BC155235A192BAEE3AD252F7DE, cache-control=no-cache, content-type=application/json, connection=keep-alive, host=localhost:8085, content-length=329, accept=*/*, postman-token=bf5603b9-a8cc-46fc-b777-5b9e7c0f22e9, user-agent=PostmanRuntime/7.22.0, accept-encoding=gzip, deflate, br}] body=[{ Transaction: [{mobileNumber=1033660802, amount=2, otp=132645, retailerRefNo=REF_EXT_12123, requestData={ Request: [{sequenceId=137, storeId=1001, registerId=1, transactionId=222, businesDate=2020-02-09, apiKey=d4E9YfNq5CGJNbxXeYNhgpIvVuSiQrh0MJSiSIXz7wwO2djLs83MMXP5tf8d7OrTj47ZLJh5iBm1u5ofvhB4AO3o7jC4Ysi4M9BM}] }}] }]
INFO    2020-02-09 20:56:39,105 [main] com.reconcile.TaqseetReconcileUtillity  - Generate Cancel Transaction Report: Process Completed.
INFO    2020-02-09 20:57:53,667 [main] com.reconcile.TaqseetReconcileUtillity  - Transaction Reversal: Process Started....
INFO    2020-02-09 20:57:53,683 [main] com.reconcile.PosServiceUtil  - Calling getTransactionStatus service : REF_EXT_12123
INFO    2020-02-09 20:57:54,849 [main] com.reconcile.PosServiceUtil  - {"StatusCode":200,"Data":[{"AMND_DATE":"2020-02-09T18:21:25","REF_NUM":"3151174062","AMOUNT":2.0,"STORE_REF_NUM":"REF_EXT_12123"}],"Status":"OK"}
INFO    2020-02-09 20:57:54,850 [main] com.reconcile.PosServiceUtil  - Calling PostTransactionReversal service...............
INFO    2020-02-09 20:57:56,361 [main] com.reconcile.PosServiceUtil  - {"StatusCode":200,"Data":[{"Status":"0","RefNumber":"3161174062"}],"Status":"OK"}
DEBUG   2020-02-09 20:57:56,371 [main] com.reconcile.DBManager  - Executing update statement: UPDATE EXTRA_POS_SERVICE_HANDLER SET rcn_status = 'Y' WHERE SEQUENCE_ID = ? [137]
INFO    2020-02-09 20:57:57,283 [main] com.reconcile.DBManager  - No of records updated: 1
INFO    2020-02-09 20:57:57,283 [main] com.reconcile.DBManager  - Status has been updated successfully.
INFO    2020-02-09 20:57:57,284 [main] com.reconcile.TaqseetReconcileUtillity  - Transaction Reversal: Process Completed.
INFO    2020-02-09 20:58:07,620 [main] com.reconcile.TaqseetReconcileUtillity  - Transaction Reversal: Process Started....
ERROR   2020-02-09 20:58:07,624 [main] com.reconcile.PosServiceUtil  - File not found.
INFO    2020-02-09 20:58:07,624 [main] com.reconcile.TaqseetReconcileUtillity  - No Transaction Found.
INFO    2020-02-09 20:58:07,624 [main] com.reconcile.TaqseetReconcileUtillity  - Transaction Reversal: Process Completed.
INFO    2020-02-12 11:21:42,382 [main] com.reconcile.TaqseetReconcileUtillity  - Generate Cancel Transaction Report: Process Started....
DEBUG   2020-02-12 11:21:43,355 [main] com.reconcile.DBManager  - Connected to DB successfully.
INFO    2020-02-12 11:21:43,421 [main] com.reconcile.TaqseetReconcileUtillity  - No Transaction Found.
INFO    2020-02-12 11:21:43,421 [main] com.reconcile.TaqseetReconcileUtillity  - Generate Cancel Transaction Report: Process Completed.
INFO    2020-02-12 11:26:32,093 [main] com.reconcile.TaqseetReconcileUtillity  - Generate Cancel Transaction Report: Process Started....
DEBUG   2020-02-12 11:26:32,930 [main] com.reconcile.DBManager  - Connected to DB successfully.
DEBUG   2020-02-12 11:26:33,033 [main] com.reconcile.DBManager  - {"StatusCode":200,"Status":"OK","Data":[{"RefNumber":"3201174062","Status":"0"}]}
DEBUG   2020-02-12 11:26:33,033 [main] com.reconcile.DBManager  - REQUEST method=[POST] path=[/PosServiceHandller/v1/postTransaction] headers=[{cookie=JSESSIONID=7311971BE41ADD5B2D11C98B8EA7F628, cache-control=no-cache, content-type=application/json, connection=keep-alive, host=localhost:8085, content-length=329, accept=*/*, postman-token=53d9a358-ecba-410c-9684-f2bda7df8e1c, user-agent=PostmanRuntime/7.22.0, accept-encoding=gzip, deflate, br}] body=[{ Transaction: [{mobileNumber=1033660802, amount=2, otp=132645, retailerRefNo=REF_EXT_22123, requestData={ Request: [{sequenceId=141, storeId=1001, registerId=1, transactionId=222, businesDate=2020-02-12, apiKey=d4E9YfNq5CGJNbxXeYNhgpIvVuSiQrh0MJSiSIXz7wwO2djLs83MMXP5tf8d7OrTj47ZLJh5iBm1u5ofvhB4AO3o7jC4Ysi4M9BM}] }}] }]
INFO    2020-02-12 11:26:33,188 [main] com.reconcile.TaqseetReconcileUtillity  - Generate Cancel Transaction Report: Process Completed.
INFO    2020-02-12 11:27:07,289 [main] com.reconcile.TaqseetReconcileUtillity  - Transaction Reversal: Process Started....
INFO    2020-02-12 11:27:07,301 [main] com.reconcile.PosServiceUtil  - Calling getTransactionStatus service : REF_EXT_22123
INFO    2020-02-12 11:27:07,987 [main] com.reconcile.PosServiceUtil  - {"StatusCode":200,"Data":[{"AMND_DATE":"2020-02-12T08:55:57","REF_NUM":"3201174062","AMOUNT":2.0,"STORE_REF_NUM":"REF_EXT_22123"}],"Status":"OK"}
INFO    2020-02-12 11:27:07,987 [main] com.reconcile.PosServiceUtil  - Calling PostTransactionReversal service...............
INFO    2020-02-12 11:27:09,248 [main] com.reconcile.PosServiceUtil  - {"StatusCode":200,"Data":[{"Status":"0","RefNumber":"3211174062"}],"Status":"OK"}
DEBUG   2020-02-12 11:27:09,252 [main] com.reconcile.DBManager  - Executing update statement: UPDATE EXTRA_POS_SERVICE_HANDLER SET rcn_status = 'Y' WHERE SEQUENCE_ID = ? [141]
INFO    2020-02-12 11:27:10,154 [main] com.reconcile.DBManager  - No of records updated: 1
INFO    2020-02-12 11:27:10,154 [main] com.reconcile.DBManager  - Status has been updated successfully.
INFO    2020-02-12 11:27:10,157 [main] com.reconcile.TaqseetReconcileUtillity  - Transaction Reversal: Process Completed.
INFO    2020-02-12 11:29:53,861 [main] com.reconcile.TaqseetReconcileUtillity  - Generate Cancel Transaction Report: Process Started....
DEBUG   2020-02-12 11:29:54,729 [main] com.reconcile.DBManager  - Connected to DB successfully.
INFO    2020-02-12 11:29:54,806 [main] com.reconcile.TaqseetReconcileUtillity  - No Transaction Found.
INFO    2020-02-12 11:29:54,807 [main] com.reconcile.TaqseetReconcileUtillity  - Generate Cancel Transaction Report: Process Completed.
INFO    2020-02-12 11:30:01,741 [main] com.reconcile.TaqseetReconcileUtillity  - Transaction Reversal: Process Started....
INFO    2020-02-12 11:30:01,753 [main] com.reconcile.PosServiceUtil  - Calling getTransactionStatus service : REF_EXT_22123
INFO    2020-02-12 11:30:02,515 [main] com.reconcile.PosServiceUtil  - {"StatusCode":200,"Data":[{"AMND_DATE":"2020-02-12T08:55:57","REF_NUM":"3201174062","AMOUNT":2.0,"STORE_REF_NUM":"REF_EXT_22123"}],"Status":"OK"}
INFO    2020-02-12 11:30:02,516 [main] com.reconcile.PosServiceUtil  - Calling PostTransactionReversal service...............
INFO    2020-02-12 11:30:03,651 [main] com.reconcile.PosServiceUtil  - {"StatusCode":400,"Status":"BadRequest","Validation":{"Message":["RefNumber is not correct"],"ReturnObject":["{\"RefNumber\":\"null\",\"Status\":\"1\"}"],"Code":["ERR_REF"]}}
INFO    2020-02-12 11:30:03,651 [main] com.reconcile.TaqseetReconcileUtillity  - Transaction Reversal: Process Completed.
